NotePad-master/app/build/outputs/logs/manifest-merger-debug-report.txt
-- Merging decision tree log ---
manifest
ADDED from src\main\AndroidManifest.xml:2:1-135:12
	package
		ADDED from src\main\AndroidManifest.xml:3:5-42
		INJECTED from src\main\AndroidManifest.xml
		INJECTED from src\main\AndroidManifest.xml
	xmlns:android
		ADDED from src\main\AndroidManifest.xml:2:11-69
uses-sdk
ADDED from src\main\AndroidManifest.xml:5:5-44
	android:targetSdkVersion
		INJECTED from src\main\AndroidManifest.xml
		INJECTED from src\main\AndroidManifest.xml
	android:minSdkVersion
		ADDED from src\main\AndroidManifest.xml:5:15-41
		INJECTED from src\main\AndroidManifest.xml
		INJECTED from src\main\AndroidManifest.xml
application
ADDED from src\main\AndroidManifest.xml:7:5-133:19
	android:label
		ADDED from src\main\AndroidManifest.xml:9:9-41
	android:icon
		ADDED from src\main\AndroidManifest.xml:8:9-43
activity#com.example.android.notepad.NoteSearch
ADDED from src\main\AndroidManifest.xml:10:9-17:20
	android:name
		ADDED from src\main\AndroidManifest.xml:11:13-39
intent-filter#android.intent.action.SEARCH+android.intent.category.DEFAULT
ADDED from src\main\AndroidManifest.xml:12:13-15:29
action#android.intent.action.SEARCH
ADDED from src\main\AndroidManifest.xml:13:17-71
	android:name
		ADDED from src\main\AndroidManifest.xml:13:25-68
category#android.intent.category.DEFAULT
ADDED from src\main\AndroidManifest.xml:14:17-76
	android:name
		ADDED from src\main\AndroidManifest.xml:14:27-73
provider#com.example.android.notepad.NotePadProvider
ADDED from src\main\AndroidManifest.xml:19:9-24:20
	android:authorities
		ADDED from src\main\AndroidManifest.xml:21:13-62
	android:exported
		ADDED from src\main\AndroidManifest.xml:22:13-37
	android:name
		ADDED from src\main\AndroidManifest.xml:20:13-44
grant-uri-permission
ADDED from src\main\AndroidManifest.xml:23:13-62
	android:pathPattern
		ADDED from src\main\AndroidManifest.xml:23:35-59
activity#com.example.android.notepad.NotesList
ADDED from src\main\AndroidManifest.xml:26:9-50:20
	android:label
		ADDED from src\main\AndroidManifest.xml:28:13-53
	android:name
		ADDED from src\main\AndroidManifest.xml:27:13-38
intent-filter#android.intent.action.MAIN+android.intent.category.LAUNCHER
ADDED from src\main\AndroidManifest.xml:29:13-33:29
action#android.intent.action.MAIN
ADDED from src\main\AndroidManifest.xml:30:17-69
	android:name
		ADDED from src\main\AndroidManifest.xml:30:25-66
category#android.intent.category.LAUNCHER
ADDED from src\main\AndroidManifest.xml:32:17-77
	android:name
		ADDED from src\main\AndroidManifest.xml:32:27-74
intent-filter#android.intent.action.EDIT+android.intent.action.PICK+android.intent.action.VIEW+android.intent.category.DEFAULT
ADDED from src\main\AndroidManifest.xml:34:13-42:29
action#android.intent.action.VIEW
ADDED from src\main\AndroidManifest.xml:35:17-69
	android:name
		ADDED from src\main\AndroidManifest.xml:35:25-66
action#android.intent.action.EDIT
ADDED from src\main\AndroidManifest.xml:36:17-69
	android:name
		ADDED from src\main\AndroidManifest.xml:36:25-66
action#android.intent.action.PICK
ADDED from src\main\AndroidManifest.xml:37:17-69
	android:name
		ADDED from src\main\AndroidManifest.xml:37:25-66
data
ADDED from src\main\AndroidManifest.xml:41:17-83
	android:mimeType
		ADDED from src\main\AndroidManifest.xml:41:23-80
intent-filter#android.intent.action.GET_CONTENT+android.intent.category.DEFAULT
ADDED from src\main\AndroidManifest.xml:43:13-49:29
action#android.intent.action.GET_CONTENT
ADDED from src\main\AndroidManifest.xml:44:17-76
	android:name
		ADDED from src\main\AndroidManifest.xml:44:25-73
activity#com.example.android.notepad.NoteEditor
ADDED from src\main\AndroidManifest.xml:51:9-85:20
	android:screenOrientation
		ADDED from src\main\AndroidManifest.xml:54:13-47
	android:configChanges
		ADDED from src\main\AndroidManifest.xml:53:13-63
	android:theme
		ADDED from src\main\AndroidManifest.xml:55:13-60
	android:name
		ADDED from src\main\AndroidManifest.xml:52:13-39
intent-filter#android.intent.action.EDIT+android.intent.action.VIEW+android.intent.category.DEFAULT+com.android.notepad.action.EDIT_NOTE
ADDED from src\main\AndroidManifest.xml:61:13-69:29
	android:label
		ADDED from src\main\AndroidManifest.xml:61:28-64
action#com.android.notepad.action.EDIT_NOTE
ADDED from src\main\AndroidManifest.xml:64:17-79
	android:name
		ADDED from src\main\AndroidManifest.xml:64:25-76
intent-filter#android.intent.action.INSERT+android.intent.action.PASTE+android.intent.category.DEFAULT
ADDED from src\main\AndroidManifest.xml:77:13-84:29
action#android.intent.action.INSERT
ADDED from src\main\AndroidManifest.xml:78:17-71
	android:name
		ADDED from src\main\AndroidManifest.xml:78:25-68
action#android.intent.action.PASTE
ADDED from src\main\AndroidManifest.xml:79:17-70
	android:name
		ADDED from src\main\AndroidManifest.xml:79:25-67
activity#com.example.android.notepad.TitleEditor
ADDED from src\main\AndroidManifest.xml:86:9-122:20
	android:label
		ADDED from src\main\AndroidManifest.xml:89:13-53
	android:windowSoftInputMode
		ADDED from src\main\AndroidManifest.xml:91:13-55
	android:icon
		ADDED from src\main\AndroidManifest.xml:88:13-50
	android:theme
		ADDED from src\main\AndroidManifest.xml:90:13-61
	android:name
		ADDED from src\main\AndroidManifest.xml:87:13-40
intent-filter#android.intent.category.ALTERNATIVE+android.intent.category.DEFAULT+android.intent.category.SELECTED_ALTERNATIVE+com.android.notepad.action.EDIT_TITLE
ADDED from src\main\AndroidManifest.xml:99:13-121:29
	android:label
		ADDED from src\main\AndroidManifest.xml:99:28-65
action#com.android.notepad.action.EDIT_TITLE
ADDED from src\main\AndroidManifest.xml:106:17-80
	android:name
		ADDED from src\main\AndroidManifest.xml:106:25-77
category#android.intent.category.ALTERNATIVE
ADDED from src\main\AndroidManifest.xml:113:17-80
	android:name
		ADDED from src\main\AndroidManifest.xml:113:27-77
category#android.intent.category.SELECTED_ALTERNATIVE
ADDED from src\main\AndroidManifest.xml:118:17-89
	android:name
		ADDED from src\main\AndroidManifest.xml:118:27-86
activity#com.example.android.notepad.NotesLiveFolder
ADDED from src\main\AndroidManifest.xml:123:9-132:20
	android:label
		ADDED from src\main\AndroidManifest.xml:126:13-53
	android:icon
		ADDED from src\main\AndroidManifest.xml:125:13-55
	android:name
		ADDED from src\main\AndroidManifest.xml:124:13-44
intent-filter#android.intent.action.CREATE_LIVE_FOLDER+android.intent.category.DEFAULT
ADDED from src\main\AndroidManifest.xml:127:13-131:29
action#android.intent.action.CREATE_LIVE_FOLDER
ADDED from src\main\AndroidManifest.xml:128:17-83
	android:name
		ADDED from src\main\AndroidManifest.xml:128:25-80